<?xml version="1.0" encoding="UTF-8"?>
<testng-results skipped="0" failed="0" ignored="0" total="1" passed="1">
  <reporter-output>
  </reporter-output>
  <suite name="Default suite" duration-ms="13791" started-at="2018-04-17T07:57:34Z" finished-at="2018-04-17T07:57:48Z">
    <groups>
    </groups>
    <test name="Default test" duration-ms="13791" started-at="2018-04-17T07:57:34Z" finished-at="2018-04-17T07:57:48Z">
      <class name="gridTest.ChromeGridTest">
        <test-method status="PASS" signature="setUp()[pri:0, instance:gridTest.ChromeGridTest@7cd62f43]" name="setUp" is-config="true" duration-ms="8324" started-at="2018-04-17T07:57:34Z" finished-at="2018-04-17T07:57:43Z">
          <reporter-output>
          </reporter-output>
        </test-method> <!-- setUp -->
        <test-method status="PASS" signature="secripts()[pri:0, instance:gridTest.ChromeGridTest@7cd62f43]" name="secripts" duration-ms="5370" started-at="2018-04-17T07:57:43Z" finished-at="2018-04-17T07:57:48Z">
          <reporter-output>
          </reporter-output>
        </test-method> <!-- secripts -->
        <test-method status="PASS" signature="tearDown()[pri:0, instance:gridTest.ChromeGridTest@7cd62f43]" name="tearDown" is-config="true" duration-ms="72" started-at="2018-04-17T07:57:48Z" finished-at="2018-04-17T07:57:48Z">
          <reporter-output>
          </reporter-output>
        </test-method> <!-- tearDown -->
      </class> <!-- gridTest.ChromeGridTest -->
    </test> <!-- Default test -->
  </suite> <!-- Default suite -->
</testng-results>
